MightyPlant_SourceCode/Flutter source code/Admin App/plant-admin-app/build/app/intermediates/manifest_merge_blame_file/release/manifest-merger-blame-release-report.txt
1<?xml version="1.0" encoding="utf-8"?>
2<manifest xmlns:android="http://schemas.android.com/apk/res/android"
3    package="com.mighty.plantadmin"
4    android:versionCode="1"
5    android:versionName="1.0.0" >
6
7    <uses-sdk
8        android:minSdkVersion="21"
8-->src\main\AndroidManifest.xml
9        android:targetSdkVersion="33" />
9-->src\main\AndroidManifest.xml
10
11    <uses-permission android:name="android.permission.INTERNET" />
11-->src\main\AndroidManifest.xml:4:5-67
11-->src\main\AndroidManifest.xml:4:22-64
12    <uses-permission android:name="android.permission.ACCESS_NETWORK_STATE" />
12-->src\main\AndroidManifest.xml:5:5-79
12-->src\main\AndroidManifest.xml:5:22-76
13    <uses-permission android:name="android.permission.READ_EXTERNAL_STORAGE" />
13-->src\main\AndroidManifest.xml:6:5-80
13-->src\main\AndroidManifest.xml:6:22-77
14    <uses-permission android:name="android.permission.WRITE_EXTERNAL_STORAGE " />
14-->src\main\AndroidManifest.xml:7:5-82
14-->src\main\AndroidManifest.xml:7:22-79
15    <uses-permission android:name="android.permission.WAKE_LOCK" />
15-->[:firebase_analytics] AndroidManifest.xml:11:5-68
15-->[:firebase_analytics] AndroidManifest.xml:11:22-65
16    <uses-permission android:name="com.google.android.gms.permission.AD_ID" />
16-->[com.google.android.gms:play-services-measurement-api:21.3.0] AndroidManifest.xml:25:5-79
16-->[com.google.android.gms:play-services-measurement-api:21.3.0] AndroidManifest.xml:25:22-76
17    <uses-permission android:name="com.google.android.finsky.permission.BIND_GET_INSTALL_REFERRER_SERVICE" />
17-->[com.google.android.gms:play-services-measurement:21.3.0] AndroidManifest.xml:26:5-110
17-->[com.google.android.gms:play-services-measurement:21.3.0] AndroidManifest.xml:26:22-107
18
19    <permission
19-->[androidx.core:core:1.10.1] AndroidManifest.xml:22:5-24:47
20        android:name="com.mighty.plantadmin.DYNAMIC_RECEIVER_NOT_EXPORTED_PERMISSION"
20-->[androidx.core:core:1.10.1] AndroidManifest.xml:23:9-81
21        android:protectionLevel="signature" />
21-->[androidx.core:core:1.10.1] AndroidManifest.xml:24:9-44
22
23    <uses-permission android:name="com.mighty.plantadmin.DYNAMIC_RECEIVER_NOT_EXPORTED_PERMISSION" />
23-->[androidx.core:core:1.10.1] AndroidManifest.xml:26:5-97
23-->[androidx.core:core:1.10.1] AndroidManifest.xml:26:22-94
24
25    <application
25-->src\main\AndroidManifest.xml:9:5-35:19
26        android:appComponentFactory="androidx.core.app.CoreComponentFactory"
26-->[androidx.core:core:1.10.1] AndroidManifest.xml:28:18-86
27        android:icon="@mipmap/ic_launcher"
27-->src\main\AndroidManifest.xml:10:9-43
28        android:label="Mighty Plant Admin" >
28-->src\main\AndroidManifest.xml:11:9-43
29        <activity
29-->src\main\AndroidManifest.xml:12:9-31:20
30            android:name="com.mighty.admin.MainActivity"
30-->src\main\AndroidManifest.xml:13:13-41
31            android:configChanges="orientation|keyboardHidden|keyboard|screenSize|smallestScreenSize|locale|layoutDirection|fontScale|screenLayout|density|uiMode"
31-->src\main\AndroidManifest.xml:14:13-163
32            android:exported="true"
32-->src\main\AndroidManifest.xml:15:13-36
33            android:hardwareAccelerated="true"
33-->src\main\AndroidManifest.xml:16:13-47
34            android:launchMode="singleTop"
34-->src\main\AndroidManifest.xml:17:13-43
35            android:theme="@style/LaunchTheme"
35-->src\main\AndroidManifest.xml:18:13-47
36            android:windowSoftInputMode="adjustResize" >
36-->src\main\AndroidManifest.xml:19:13-55
37            <meta-data
37-->src\main\AndroidManifest.xml:20:13-22:57
38                android:name="io.flutter.embedding.android.NormalTheme"
38-->src\main\AndroidManifest.xml:21:17-72
39                android:resource="@style/NormalTheme" />
39-->src\main\AndroidManifest.xml:22:17-54
40            <meta-data
40-->src\main\AndroidManifest.xml:23:13-25:66
41                android:name="io.flutter.embedding.android.SplashScreenDrawable"
41-->src\main\AndroidManifest.xml:24:17-81
42                android:resource="@drawable/launch_background" />
42-->src\main\AndroidManifest.xml:25:17-63
43
44            <intent-filter>
44-->src\main\AndroidManifest.xml:27:13-30:29
45                <action android:name="android.intent.action.MAIN" />
45-->src\main\AndroidManifest.xml:28:17-69
45-->src\main\AndroidManifest.xml:28:25-66
46
47                <category android:name="android.intent.category.LAUNCHER" />
47-->src\main\AndroidManifest.xml:29:17-77
47-->src\main\AndroidManifest.xml:29:27-74
48            </intent-filter>
49        </activity>
50
51        <meta-data
51-->src\main\AndroidManifest.xml:32:9-34:33
52            android:name="flutterEmbedding"
52-->src\main\AndroidManifest.xml:33:13-44
53            android:value="2" />
53-->src\main\AndroidManifest.xml:34:13-30
54
55        <service
55-->[:firebase_crashlytics] AndroidManifest.xml:10:9-14:19
56            android:name="com.google.firebase.components.ComponentDiscoveryService"
56-->[:firebase_crashlytics] AndroidManifest.xml:10:18-89
57            android:directBootAware="true"
57-->[com.google.firebase:firebase-common:20.3.3] AndroidManifest.xml:34:13-43
58            android:exported="false" >
58-->[com.google.firebase:firebase-crashlytics:18.4.3] AndroidManifest.xml:14:13-37
59            <meta-data
59-->[:firebase_crashlytics] AndroidManifest.xml:11:13-13:85
60                android:name="com.google.firebase.components:io.flutter.plugins.firebase.crashlytics.FlutterFirebaseAppRegistrar"
60-->[:firebase_crashlytics] AndroidManifest.xml:12:17-130
61                android:value="com.google.firebase.components.ComponentRegistrar" />
61-->[:firebase_crashlytics] AndroidManifest.xml:13:17-82
62            <meta-data
62-->[:firebase_analytics] AndroidManifest.xml:15:13-17:85
63                android:name="com.google.firebase.components:io.flutter.plugins.firebase.analytics.FlutterFirebaseAppRegistrar"
63-->[:firebase_analytics] AndroidManifest.xml:16:17-128
64                android:value="com.google.firebase.components.ComponentRegistrar" />
64-->[:firebase_analytics] AndroidManifest.xml:17:17-82
65            <meta-data
65-->[:firebase_auth] AndroidManifest.xml:11:13-13:85
66                android:name="com.google.firebase.components:io.flutter.plugins.firebase.auth.FlutterFirebaseAuthRegistrar"
66-->[:firebase_auth] AndroidManifest.xml:12:17-124
67                android:value="com.google.firebase.components.ComponentRegistrar" />
67-->[:firebase_auth] AndroidManifest.xml:13:17-82
68            <meta-data
68-->[:firebase_core] AndroidManifest.xml:11:13-13:85
69                android:name="com.google.firebase.components:io.flutter.plugins.firebase.core.FlutterFirebaseCoreRegistrar"
69-->[:firebase_core] AndroidManifest.xml:12:17-124
70                android:value="com.google.firebase.components.ComponentRegistrar" />
70-->[:firebase_core] AndroidManifest.xml:13:17-82
71            <meta-data
71-->[com.google.firebase:firebase-crashlytics:18.4.3] AndroidManifest.xml:15:13-17:85
72                android:name="com.google.firebase.components:com.google.firebase.crashlytics.CrashlyticsRegistrar"
72-->[com.google.firebase:firebase-crashlytics:18.4.3] AndroidManifest.xml:16:17-115
73                android:value="com.google.firebase.components.ComponentRegistrar" />
73-->[com.google.firebase:firebase-crashlytics:18.4.3] AndroidManifest.xml:17:17-82
74            <meta-data
74-->[com.google.firebase:firebase-sessions:1.0.2] AndroidManifest.xml:25:13-27:85
75                android:name="com.google.firebase.components:com.google.firebase.sessions.FirebaseSessionsRegistrar"
75-->[com.google.firebase:firebase-sessions:1.0.2] AndroidManifest.xml:26:17-117
76                android:value="com.google.firebase.components.ComponentRegistrar" />
76-->[com.google.firebase:firebase-sessions:1.0.2] AndroidManifest.xml:27:17-82
77            <meta-data
77-->[com.google.firebase:firebase-datatransport:18.1.8] AndroidManifest.xml:27:13-29:85
78                android:name="com.google.firebase.components:com.google.firebase.datatransport.TransportRegistrar"
78-->[com.google.firebase:firebase-datatransport:18.1.8] AndroidManifest.xml:28:17-115
79                android:value="com.google.firebase.components.ComponentRegistrar" />
79-->[com.google.firebase:firebase-datatransport:18.1.8] AndroidManifest.xml:29:17-82
80            <meta-data
80-->[com.google.firebase:firebase-auth:22.1.2] AndroidManifest.xml:69:13-71:85
81                android:name="com.google.firebase.components:com.google.firebase.auth.FirebaseAuthRegistrar"
81-->[com.google.firebase:firebase-auth:22.1.2] AndroidManifest.xml:70:17-109
82                android:value="com.google.firebase.components.ComponentRegistrar" />
82-->[com.google.firebase:firebase-auth:22.1.2] AndroidManifest.xml:71:17-82
83            <meta-data
83-->[com.google.firebase:firebase-common-ktx:20.3.3] AndroidManifest.xml:14:13-16:85
84                android:name="com.google.firebase.components:com.google.firebase.ktx.FirebaseCommonKtxRegistrar"
84-->[com.google.firebase:firebase-common-ktx:20.3.3] AndroidManifest.xml:15:17-113
85                android:value="com.google.firebase.components.ComponentRegistrar" />
85-->[com.google.firebase:firebase-common-ktx:20.3.3] AndroidManifest.xml:16:17-82
86            <meta-data
86-->[com.google.android.gms:play-services-measurement-api:21.3.0] AndroidManifest.xml:31:13-33:85
87                android:name="com.google.firebase.components:com.google.firebase.analytics.connector.internal.AnalyticsConnectorRegistrar"
87-->[com.google.android.gms:play-services-measurement-api:21.3.0] AndroidManifest.xml:32:17-139
88                android:value="com.google.firebase.components.ComponentRegistrar" />
88-->[com.google.android.gms:play-services-measurement-api:21.3.0] AndroidManifest.xml:33:17-82
89            <meta-data
89-->[com.google.firebase:firebase-installations:17.1.4] AndroidManifest.xml:15:13-17:85
90                android:name="com.google.firebase.components:com.google.firebase.installations.FirebaseInstallationsRegistrar"
90-->[com.google.firebase:firebase-installations:17.1.4] AndroidManifest.xml:16:17-127
91                android:value="com.google.firebase.components.ComponentRegistrar" />
91-->[com.google.firebase:firebase-installations:17.1.4] AndroidManifest.xml:17:17-82
92        </service>
93
94        <activity
94-->[:url_launcher_android] AndroidManifest.xml:10:9-13:74
95            android:name="io.flutter.plugins.urllauncher.WebViewActivity"
95-->[:url_launcher_android] AndroidManifest.xml:11:13-74
96            android:exported="false"
96-->[:url_launcher_android] AndroidManifest.xml:12:13-37
97            android:theme="@android:style/Theme.NoTitleBar.Fullscreen" />
97-->[:url_launcher_android] AndroidManifest.xml:13:13-71
98
99        <service
99-->[com.google.android.datatransport:transport-backend-cct:3.1.9] AndroidManifest.xml:28:9-34:19
100            android:name="com.google.android.datatransport.runtime.backends.TransportBackendDiscovery"
100-->[com.google.android.datatransport:transport-backend-cct:3.1.9] AndroidManifest.xml:29:13-103
101            android:exported="false" >
101-->[com.google.android.datatransport:transport-backend-cct:3.1.9] AndroidManifest.xml:30:13-37
102            <meta-data
102-->[com.google.android.datatransport:transport-backend-cct:3.1.9] AndroidManifest.xml:31:13-33:39
103                android:name="backend:com.google.android.datatransport.cct.CctBackendFactory"
103-->[com.google.android.datatransport:transport-backend-cct:3.1.9] AndroidManifest.xml:32:17-94
104                android:value="cct" />
104-->[com.google.android.datatransport:transport-backend-cct:3.1.9] AndroidManifest.xml:33:17-36
105        </service>
106
107        <activity
107-->[com.google.firebase:firebase-auth:22.1.2] AndroidManifest.xml:29:9-46:20
108            android:name="com.google.firebase.auth.internal.GenericIdpActivity"
108-->[com.google.firebase:firebase-auth:22.1.2] AndroidManifest.xml:30:13-80
109            android:excludeFromRecents="true"
109-->[com.google.firebase:firebase-auth:22.1.2] AndroidManifest.xml:31:13-46
110            android:exported="true"
110-->[com.google.firebase:firebase-auth:22.1.2] AndroidManifest.xml:32:13-36
111            android:launchMode="singleTask"
111-->[com.google.firebase:firebase-auth:22.1.2] AndroidManifest.xml:33:13-44
112            android:theme="@android:style/Theme.Translucent.NoTitleBar" >
112-->[com.google.firebase:firebase-auth:22.1.2] AndroidManifest.xml:34:13-72
113            <intent-filter>
113-->[com.google.firebase:firebase-auth:22.1.2] AndroidManifest.xml:35:13-45:29
114                <action android:name="android.intent.action.VIEW" />
114-->[com.google.firebase:firebase-auth:22.1.2] AndroidManifest.xml:36:17-69
114-->[com.google.firebase:firebase-auth:22.1.2] AndroidManifest.xml:36:25-66
115
116                <category android:name="android.intent.category.DEFAULT" />
116-->[com.google.firebase:firebase-auth:22.1.2] AndroidManifest.xml:38:17-76
116-->[com.google.firebase:firebase-auth:22.1.2] AndroidManifest.xml:38:27-73
117                <category android:name="android.intent.category.BROWSABLE" />
117-->[com.google.firebase:firebase-auth:22.1.2] AndroidManifest.xml:39:17-78
117-->[com.google.firebase:firebase-auth:22.1.2] AndroidManifest.xml:39:27-75
118
119                <data
119-->[com.google.firebase:firebase-auth:22.1.2] AndroidManifest.xml:41:17-44:51
120                    android:host="firebase.auth"
120-->[com.google.firebase:firebase-auth:22.1.2] AndroidManifest.xml:42:21-49
121                    android:path="/"
121-->[com.google.firebase:firebase-auth:22.1.2] AndroidManifest.xml:43:21-37
122                    android:scheme="genericidp" />
122-->[com.google.firebase:firebase-auth:22.1.2] AndroidManifest.xml:44:21-48
123            </intent-filter>
124        </activity>
125        <activity
125-->[com.google.firebase:firebase-auth:22.1.2] AndroidManifest.xml:47:9-64:20
126            android:name="com.google.firebase.auth.internal.RecaptchaActivity"
126-->[com.google.firebase:firebase-auth:22.1.2] AndroidManifest.xml:48:13-79
127            android:excludeFromRecents="true"
127-->[com.google.firebase:firebase-auth:22.1.2] AndroidManifest.xml:49:13-46
128            android:exported="true"
128-->[com.google.firebase:firebase-auth:22.1.2] AndroidManifest.xml:50:13-36
129            android:launchMode="singleTask"
129-->[com.google.firebase:firebase-auth:22.1.2] AndroidManifest.xml:51:13-44
130            android:theme="@android:style/Theme.Translucent.NoTitleBar" >
130-->[com.google.firebase:firebase-auth:22.1.2] AndroidManifest.xml:52:13-72
131            <intent-filter>
131-->[com.google.firebase:firebase-auth:22.1.2] AndroidManifest.xml:53:13-63:29
132                <action android:name="android.intent.action.VIEW" />
132-->[com.google.firebase:firebase-auth:22.1.2] AndroidManifest.xml:36:17-69
132-->[com.google.firebase:firebase-auth:22.1.2] AndroidManifest.xml:36:25-66
133
134                <category android:name="android.intent.category.DEFAULT" />
134-->[com.google.firebase:firebase-auth:22.1.2] AndroidManifest.xml:38:17-76
134-->[com.google.firebase:firebase-auth:22.1.2] AndroidManifest.xml:38:27-73
135                <category android:name="android.intent.category.BROWSABLE" />
135-->[com.google.firebase:firebase-auth:22.1.2] AndroidManifest.xml:39:17-78
135-->[com.google.firebase:firebase-auth:22.1.2] AndroidManifest.xml:39:27-75
136
137                <data
137-->[com.google.firebase:firebase-auth:22.1.2] AndroidManifest.xml:41:17-44:51
138                    android:host="firebase.auth"
138-->[com.google.firebase:firebase-auth:22.1.2] AndroidManifest.xml:42:21-49
139                    android:path="/"
139-->[com.google.firebase:firebase-auth:22.1.2] AndroidManifest.xml:43:21-37
140                    android:scheme="recaptcha" />
140-->[com.google.firebase:firebase-auth:22.1.2] AndroidManifest.xml:44:21-48
141            </intent-filter>
142        </activity>
143
144        <uses-library
144-->[androidx.window:window:1.0.0-beta04] AndroidManifest.xml:25:9-27:40
145            android:name="androidx.window.extensions"
145-->[androidx.window:window:1.0.0-beta04] AndroidManifest.xml:26:13-54
146            android:required="false" />
146-->[androidx.window:window:1.0.0-beta04] AndroidManifest.xml:27:13-37
147        <uses-library
147-->[androidx.window:window:1.0.0-beta04] AndroidManifest.xml:28:9-30:40
148            android:name="androidx.window.sidecar"
148-->[androidx.window:window:1.0.0-beta04] AndroidManifest.xml:29:13-51
149            android:required="false" />
149-->[androidx.window:window:1.0.0-beta04] AndroidManifest.xml:30:13-37
150
151        <provider
151-->[com.google.firebase:firebase-common:20.3.3] AndroidManifest.xml:25:9-30:39
152            android:name="com.google.firebase.provider.FirebaseInitProvider"
152-->[com.google.firebase:firebase-common:20.3.3] AndroidManifest.xml:26:13-77
153            android:authorities="com.mighty.plantadmin.firebaseinitprovider"
153-->[com.google.firebase:firebase-common:20.3.3] AndroidManifest.xml:27:13-72
154            android:directBootAware="true"
154-->[com.google.firebase:firebase-common:20.3.3] AndroidManifest.xml:28:13-43
155            android:exported="false"
155-->[com.google.firebase:firebase-common:20.3.3] AndroidManifest.xml:29:13-37
156            android:initOrder="100" />
156-->[com.google.firebase:firebase-common:20.3.3] AndroidManifest.xml:30:13-36
157
158        <receiver
158-->[com.google.android.gms:play-services-measurement:21.3.0] AndroidManifest.xml:29:9-33:20
159            android:name="com.google.android.gms.measurement.AppMeasurementReceiver"
159-->[com.google.android.gms:play-services-measurement:21.3.0] AndroidManifest.xml:30:13-85
160            android:enabled="true"
160-->[com.google.android.gms:play-services-measurement:21.3.0] AndroidManifest.xml:31:13-35
161            android:exported="false" >
161-->[com.google.android.gms:play-services-measurement:21.3.0] AndroidManifest.xml:32:13-37
162        </receiver>
163
164        <service
164-->[com.google.android.gms:play-services-measurement:21.3.0] AndroidManifest.xml:35:9-38:40
165            android:name="com.google.android.gms.measurement.AppMeasurementService"
165-->[com.google.android.gms:play-services-measurement:21.3.0] AndroidManifest.xml:36:13-84
166            android:enabled="true"
166-->[com.google.android.gms:play-services-measurement:21.3.0] AndroidManifest.xml:37:13-35
167            android:exported="false" />
167-->[com.google.android.gms:play-services-measurement:21.3.0] AndroidManifest.xml:38:13-37
168        <service
168-->[com.google.android.gms:play-services-measurement:21.3.0] AndroidManifest.xml:39:9-43:72
169            android:name="com.google.android.gms.measurement.AppMeasurementJobService"
169-->[com.google.android.gms:play-services-measurement:21.3.0] AndroidManifest.xml:40:13-87
170            android:enabled="true"
170-->[com.google.android.gms:play-services-measurement:21.3.0] AndroidManifest.xml:41:13-35
171            android:exported="false"
171-->[com.google.android.gms:play-services-measurement:21.3.0] AndroidManifest.xml:42:13-37
172            android:permission="android.permission.BIND_JOB_SERVICE" />
172-->[com.google.android.gms:play-services-measurement:21.3.0] AndroidManifest.xml:43:13-69
173
174        <activity
174-->[com.google.android.gms:play-services-base:18.0.1] AndroidManifest.xml:20:9-22:45
175            android:name="com.google.android.gms.common.api.GoogleApiActivity"
175-->[com.google.android.gms:play-services-base:18.0.1] AndroidManifest.xml:20:19-85
176            android:exported="false"
176-->[com.google.android.gms:play-services-base:18.0.1] AndroidManifest.xml:22:19-43
177            android:theme="@android:style/Theme.Translucent.NoTitleBar" />
177-->[com.google.android.gms:play-services-base:18.0.1] AndroidManifest.xml:21:19-78
178
179        <meta-data
179-->[com.google.android.gms:play-services-basement:18.1.0] AndroidManifest.xml:21:9-23:69
180            android:name="com.google.android.gms.version"
180-->[com.google.android.gms:play-services-basement:18.1.0] AndroidManifest.xml:22:13-58
181            android:value="@integer/google_play_services_version" />
181-->[com.google.android.gms:play-services-basement:18.1.0] AndroidManifest.xml:23:13-66
182
183        <service
183-->[com.google.android.datatransport:transport-runtime:3.1.9] AndroidManifest.xml:26:9-30:19
184            android:name="com.google.android.datatransport.runtime.scheduling.jobscheduling.JobInfoSchedulerService"
184-->[com.google.android.datatransport:transport-runtime:3.1.9] AndroidManifest.xml:27:13-117
185            android:exported="false"
185-->[com.google.android.datatransport:transport-runtime:3.1.9] AndroidManifest.xml:28:13-37
186            android:permission="android.permission.BIND_JOB_SERVICE" >
186-->[com.google.android.datatransport:transport-runtime:3.1.9] AndroidManifest.xml:29:13-69
187        </service>
188
189        <receiver
189-->[com.google.android.datatransport:transport-runtime:3.1.9] AndroidManifest.xml:32:9-34:40
190            android:name="com.google.android.datatransport.runtime.scheduling.jobscheduling.AlarmManagerSchedulerBroadcastReceiver"
190-->[com.google.android.datatransport:transport-runtime:3.1.9] AndroidManifest.xml:33:13-132
191            android:exported="false" />
191-->[com.google.android.datatransport:transport-runtime:3.1.9] AndroidManifest.xml:34:13-37
192    </application>
193
194</manifest>